2026/03/15 00:21:52 retry 1/2 for https://rsshub.chensoul.cc/youtube/user/@daveebbelaar after 1s
2026/03/15 00:21:52 retry 1/2 for https://rsshub.chensoul.cc/xiaoyuzhou/podcast/6013f9f58e2f7ee375cf4216 after 1s
2026/03/15 00:21:53 retry 1/2 for https://rsshub.chensoul.cc/xiaoyuzhou/podcast/62382c1103bea1ebfffa1c00 after 1s
2026/03/15 00:21:54 retry 1/2 for https://rsshub.chensoul.cc/xiaoyuzhou/podcast/62694abdb221dd5908417d1e after 1s
2026/03/15 00:21:54 retry 1/2 for https://rsshub.chensoul.cc/xiaoyuzhou/podcast/6388760f22567e8ea6ad070f after 1s
2026/03/15 00:21:55 retry 1/2 for https://rsshub.chensoul.cc/xiaoyuzhou/podcast/68981df29e7bcd326eb91d88 after 1s
2026/03/15 00:22:06 retry 2/2 for https://rsshub.chensoul.cc/xiaoyuzhou/podcast/68981df29e7bcd326eb91d88 after 2s
2026/03/15 00:22:09 done: 58 sources ok, 0 failed, 401 items -> /home/runner/work/chensoul.github.io/chensoul.github.io/public/data/feeds.json (in 39.533s)
2026/03/15 02:27:09 retry 1/2 for https://rsshub.chensoul.cc/xiaoyuzhou/podcast/62382c1103bea1ebfffa1c00 after 1s
2026/03/15 02:27:09 retry 1/2 for https://rsshub.chensoul.cc/xiaoyuzhou/podcast/62694abdb221dd5908417d1e after 1s
2026/03/15 02:27:09 retry 1/2 for https://rsshub.chensoul.cc/xiaoyuzhou/podcast/6388760f22567e8ea6ad070f after 1s
2026/03/15 02:27:11 retry 1/2 for https://rsshub.chensoul.cc/xiaoyuzhou/podcast/68981df29e7bcd326eb91d88 after 1s
2026/03/15 02:27:18 done: 58 sources ok, 0 failed, 401 items -> /home/runner/work/chensoul.github.io/chensoul.github.io/public/data/feeds.json (in 33.931s)
2026/03/15 04:19:35 retry 1/2 for https://rsshub.chensoul.cc/youtube/user/@daveebbelaar after 1s
2026/03/15 04:19:36 retry 1/2 for https://rsshub.chensoul.cc/xiaoyuzhou/podcast/62382c1103bea1ebfffa1c00 after 1s
2026/03/15 04:19:36 retry 1/2 for https://rsshub.chensoul.cc/xiaoyuzhou/podcast/62694abdb221dd5908417d1e after 1s
2026/03/15 04:19:36 retry 1/2 for https://rsshub.chensoul.cc/xiaoyuzhou/podcast/6388760f22567e8ea6ad070f after 1s
2026/03/15 04:19:38 retry 1/2 for https://rsshub.chensoul.cc/xiaoyuzhou/podcast/68981df29e7bcd326eb91d88 after 1s
2026/03/15 04:19:46 retry 2/2 for https://rsshub.chensoul.cc/youtube/user/@daveebbelaar after 2s
2026/03/15 04:19:49 retry 2/2 for https://rsshub.chensoul.cc/xiaoyuzhou/podcast/68981df29e7bcd326eb91d88 after 2s
2026/03/15 04:19:51 done: 58 sources ok, 0 failed, 401 items -> /home/runner/work/chensoul.github.io/chensoul.github.io/public/data/feeds.json (in 38.499s)
2026/03/15 06:18:06 retry 1/2 for https://rsshub.chensoul.cc/xiaoyuzhou/podcast/611719d3cb0b82e1df0ad29e after 1s
2026/03/15 06:18:06 retry 1/2 for https://rsshub.chensoul.cc/xiaoyuzhou/podcast/62694abdb221dd5908417d1e after 1s
2026/03/15 06:18:07 retry 1/2 for https://rsshub.chensoul.cc/xiaoyuzhou/podcast/6388760f22567e8ea6ad070f after 1s
2026/03/15 06:18:07 retry 1/2 for https://rsshub.chensoul.cc/xiaoyuzhou/podcast/68981df29e7bcd326eb91d88 after 1s
2026/03/15 06:18:18 retry 2/2 for https://rsshub.chensoul.cc/xiaoyuzhou/podcast/68981df29e7bcd326eb91d88 after 2s
2026/03/15 06:18:21 done: 58 sources ok, 0 failed, 401 items -> /home/runner/work/chensoul.github.io/chensoul.github.io/public/data/feeds.json (in 37.614s)
2026/03/15 09:29:31 retry 1/2 for https://rsshub.chensoul.cc/youtube/user/@daveebbelaar after 1s
2026/03/15 09:29:32 retry 1/2 for https://rsshub.chensoul.cc/xiaoyuzhou/podcast/62382c1103bea1ebfffa1c00 after 1s
2026/03/15 09:29:32 retry 1/2 for https://rsshub.chensoul.cc/xiaoyuzhou/podcast/62694abdb221dd5908417d1e after 1s
2026/03/15 09:29:33 retry 1/2 for https://rsshub.chensoul.cc/xiaoyuzhou/podcast/6388760f22567e8ea6ad070f after 1s
2026/03/15 09:29:34 retry 1/2 for https://rsshub.chensoul.cc/xiaoyuzhou/podcast/68981df29e7bcd326eb91d88 after 1s
2026/03/15 09:29:45 retry 2/2 for https://rsshub.chensoul.cc/xiaoyuzhou/podcast/68981df29e7bcd326eb91d88 after 2s
2026/03/15 09:29:47 done: 58 sources ok, 0 failed, 401 items -> /home/runner/work/chensoul.github.io/chensoul.github.io/public/data/feeds.json (in 37.703s)
2026/03/15 12:26:40 retry 1/2 for https://rsshub.chensoul.cc/youtube/user/%40ColeMedin after 1s
2026/03/15 12:26:43 retry 1/2 for https://rsshub.chensoul.cc/xiaoyuzhou/podcast/62382c1103bea1ebfffa1c00 after 1s
2026/03/15 12:26:43 retry 1/2 for https://rsshub.chensoul.cc/xiaoyuzhou/podcast/62694abdb221dd5908417d1e after 1s
2026/03/15 12:26:44 retry 1/2 for https://rsshub.chensoul.cc/xiaoyuzhou/podcast/6388760f22567e8ea6ad070f after 1s
2026/03/15 12:26:47 retry 1/2 for https://rsshub.chensoul.cc/xiaoyuzhou/podcast/68981df29e7bcd326eb91d88 after 1s
2026/03/15 12:26:54 done: 58 sources ok, 0 failed, 400 items -> /home/runner/work/chensoul.github.io/chensoul.github.io/public/data/feeds.json (in 34.81s)
2026/03/15 14:45:48 retry 1/2 for https://rsshub.chensoul.cc/xiaoyuzhou/podcast/611719d3cb0b82e1df0ad29e after 1s
2026/03/15 14:45:48 retry 1/2 for https://rsshub.chensoul.cc/xiaoyuzhou/podcast/62694abdb221dd5908417d1e after 1s
2026/03/15 14:45:49 retry 1/2 for https://rsshub.chensoul.cc/xiaoyuzhou/podcast/6388760f22567e8ea6ad070f after 1s
2026/03/15 14:45:50 retry 1/2 for https://rsshub.chensoul.cc/xiaoyuzhou/podcast/68981df29e7bcd326eb91d88 after 1s
2026/03/15 14:46:01 retry 2/2 for https://rsshub.chensoul.cc/xiaoyuzhou/podcast/68981df29e7bcd326eb91d88 after 2s
2026/03/15 14:46:03 done: 58 sources ok, 0 failed, 400 items -> /home/runner/work/chensoul.github.io/chensoul.github.io/public/data/feeds.json (in 39.478s)
2026/03/15 16:28:47 retry 1/2 for https://rsshub.chensoul.cc/bilibili/user/video/322961825 after 1s
2026/03/15 16:29:00 retry 1/2 for https://rsshub.chensoul.cc/xiaoyuzhou/podcast/611719d3cb0b82e1df0ad29e after 1s
2026/03/15 16:29:00 retry 1/2 for https://rsshub.chensoul.cc/xiaoyuzhou/podcast/62694abdb221dd5908417d1e after 1s
2026/03/15 16:29:01 retry 1/2 for https://rsshub.chensoul.cc/xiaoyuzhou/podcast/6388760f22567e8ea6ad070f after 1s
2026/03/15 16:29:02 retry 1/2 for https://rsshub.chensoul.cc/xiaoyuzhou/podcast/68981df29e7bcd326eb91d88 after 1s
2026/03/15 16:29:11 retry 2/2 for https://rsshub.chensoul.cc/xiaoyuzhou/podcast/62694abdb221dd5908417d1e after 2s
2026/03/15 16:29:13 retry 2/2 for https://rsshub.chensoul.cc/xiaoyuzhou/podcast/68981df29e7bcd326eb91d88 after 2s
2026/03/15 16:29:16 done: 58 sources ok, 0 failed, 400 items -> /home/runner/work/chensoul.github.io/chensoul.github.io/public/data/feeds.json (in 38.582s)
2026/03/15 18:21:55 retry 1/2 for https://rsshub.chensoul.cc/youtube/user/%40ColeMedin after 1s
2026/03/15 18:21:56 retry 1/2 for https://rsshub.chensoul.cc/youtube/user/@daveebbelaar after 1s
2026/03/15 18:21:56 retry 1/2 for https://rsshub.chensoul.cc/xiaoyuzhou/podcast/62382c1103bea1ebfffa1c00 after 1s
2026/03/15 18:21:57 retry 1/2 for https://rsshub.chensoul.cc/xiaoyuzhou/podcast/62694abdb221dd5908417d1e after 1s
2026/03/15 18:21:57 retry 1/2 for https://rsshub.chensoul.cc/xiaoyuzhou/podcast/6388760f22567e8ea6ad070f after 1s
2026/03/15 18:21:58 retry 1/2 for https://rsshub.chensoul.cc/xiaoyuzhou/podcast/68981df29e7bcd326eb91d88 after 1s
2026/03/15 18:22:09 retry 2/2 for https://rsshub.chensoul.cc/xiaoyuzhou/podcast/68981df29e7bcd326eb91d88 after 2s
2026/03/15 18:22:12 done: 58 sources ok, 0 failed, 400 items -> /home/runner/work/chensoul.github.io/chensoul.github.io/public/data/feeds.json (in 38.925s)
