2026/03/14 00:31:04 retry 1/2 for https://rsshub.chensoul.cc/xiaoyuzhou/podcast/62382c1103bea1ebfffa1c00 after 1s
2026/03/14 00:31:04 retry 1/2 for https://rsshub.chensoul.cc/xiaoyuzhou/podcast/62694abdb221dd5908417d1e after 1s
2026/03/14 00:31:05 retry 1/2 for https://rsshub.chensoul.cc/xiaoyuzhou/podcast/6388760f22567e8ea6ad070f after 1s
2026/03/14 00:31:06 retry 1/2 for https://rsshub.chensoul.cc/xiaoyuzhou/podcast/68981df29e7bcd326eb91d88 after 1s
2026/03/14 00:31:16 retry 2/2 for https://rsshub.chensoul.cc/xiaoyuzhou/podcast/6388760f22567e8ea6ad070f after 2s
2026/03/14 00:31:19 done: 58 sources ok, 0 failed, 401 items -> /home/runner/work/chensoul.github.io/chensoul.github.io/public/data/feeds.json (in 30.778s)
2026/03/14 02:31:21 retry 1/2 for https://rsshub.chensoul.cc/xiaoyuzhou/podcast/62382c1103bea1ebfffa1c00 after 1s
2026/03/14 02:31:22 retry 1/2 for https://rsshub.chensoul.cc/xiaoyuzhou/podcast/62694abdb221dd5908417d1e after 1s
2026/03/14 02:31:23 retry 1/2 for https://rsshub.chensoul.cc/xiaoyuzhou/podcast/6388760f22567e8ea6ad070f after 1s
2026/03/14 02:31:23 retry 1/2 for https://rsshub.chensoul.cc/xiaoyuzhou/podcast/68981df29e7bcd326eb91d88 after 1s
2026/03/14 02:31:32 retry 2/2 for https://rsshub.chensoul.cc/xiaoyuzhou/podcast/62382c1103bea1ebfffa1c00 after 2s
2026/03/14 02:31:34 retry 2/2 for https://rsshub.chensoul.cc/xiaoyuzhou/podcast/68981df29e7bcd326eb91d88 after 2s
2026/03/14 02:31:36 done: 58 sources ok, 0 failed, 401 items -> /home/runner/work/chensoul.github.io/chensoul.github.io/public/data/feeds.json (in 37.251s)
2026/03/14 04:25:35 retry 1/2 for https://rsshub.chensoul.cc/xiaoyuzhou/podcast/611719d3cb0b82e1df0ad29e after 1s
2026/03/14 04:25:36 retry 1/2 for https://rsshub.chensoul.cc/xiaoyuzhou/podcast/62382c1103bea1ebfffa1c00 after 1s
2026/03/14 04:25:37 retry 1/2 for https://rsshub.chensoul.cc/xiaoyuzhou/podcast/62694abdb221dd5908417d1e after 1s
2026/03/14 04:25:37 retry 1/2 for https://rsshub.chensoul.cc/xiaoyuzhou/podcast/6388760f22567e8ea6ad070f after 1s
2026/03/14 04:25:37 retry 1/2 for https://rsshub.chensoul.cc/xiaoyuzhou/podcast/68981df29e7bcd326eb91d88 after 1s
2026/03/14 04:25:48 retry 2/2 for https://rsshub.chensoul.cc/xiaoyuzhou/podcast/68981df29e7bcd326eb91d88 after 2s
2026/03/14 04:25:51 done: 58 sources ok, 0 failed, 400 items -> /home/runner/work/chensoul.github.io/chensoul.github.io/public/data/feeds.json (in 39.112s)
2026/03/14 06:21:33 retry 1/2 for https://rsshub.chensoul.cc/xiaoyuzhou/podcast/62382c1103bea1ebfffa1c00 after 1s
2026/03/14 06:21:33 retry 1/2 for https://rsshub.chensoul.cc/xiaoyuzhou/podcast/62694abdb221dd5908417d1e after 1s
2026/03/14 06:21:34 retry 1/2 for https://rsshub.chensoul.cc/xiaoyuzhou/podcast/6388760f22567e8ea6ad070f after 1s
2026/03/14 06:21:34 retry 1/2 for https://rsshub.chensoul.cc/xiaoyuzhou/podcast/68981df29e7bcd326eb91d88 after 1s
2026/03/14 06:21:45 retry 2/2 for https://rsshub.chensoul.cc/xiaoyuzhou/podcast/68981df29e7bcd326eb91d88 after 2s
2026/03/14 06:21:48 done: 58 sources ok, 0 failed, 400 items -> /home/runner/work/chensoul.github.io/chensoul.github.io/public/data/feeds.json (in 38.202s)
2026/03/14 09:16:42 retry 1/2 for https://rsshub.chensoul.cc/youtube/user/@daveebbelaar after 1s
2026/03/14 09:16:43 retry 1/2 for https://rsshub.chensoul.cc/xiaoyuzhou/podcast/62382c1103bea1ebfffa1c00 after 1s
2026/03/14 09:16:43 retry 1/2 for https://rsshub.chensoul.cc/xiaoyuzhou/podcast/62694abdb221dd5908417d1e after 1s
2026/03/14 09:16:43 retry 1/2 for https://rsshub.chensoul.cc/xiaoyuzhou/podcast/6388760f22567e8ea6ad070f after 1s
2026/03/14 09:16:45 retry 1/2 for https://rsshub.chensoul.cc/xiaoyuzhou/podcast/68981df29e7bcd326eb91d88 after 1s
2026/03/14 09:16:52 done: 58 sources ok, 0 failed, 400 items -> /home/runner/work/chensoul.github.io/chensoul.github.io/public/data/feeds.json (in 33.371s)
2026/03/14 12:04:14 retry 1/2 for https://rsshub.chensoul.cc/youtube/user/@daveebbelaar after 1s
2026/03/14 12:04:15 retry 1/2 for https://rsshub.chensoul.cc/xiaoyuzhou/podcast/611719d3cb0b82e1df0ad29e after 1s
2026/03/14 12:04:15 retry 1/2 for https://rsshub.chensoul.cc/xiaoyuzhou/podcast/62694abdb221dd5908417d1e after 1s
2026/03/14 12:04:16 retry 1/2 for https://rsshub.chensoul.cc/xiaoyuzhou/podcast/6388760f22567e8ea6ad070f after 1s
2026/03/14 12:04:17 retry 1/2 for https://rsshub.chensoul.cc/xiaoyuzhou/podcast/68981df29e7bcd326eb91d88 after 1s
2026/03/14 12:04:24 done: 58 sources ok, 0 failed, 400 items -> /home/runner/work/chensoul.github.io/chensoul.github.io/public/data/feeds.json (in 33.211s)
2026/03/14 14:36:59 retry 1/2 for https://rsshub.chensoul.cc/xiaoyuzhou/podcast/611719d3cb0b82e1df0ad29e after 1s
2026/03/14 14:37:00 retry 1/2 for https://rsshub.chensoul.cc/xiaoyuzhou/podcast/62382c1103bea1ebfffa1c00 after 1s
2026/03/14 14:37:00 retry 1/2 for https://rsshub.chensoul.cc/xiaoyuzhou/podcast/6388760f22567e8ea6ad070f after 1s
2026/03/14 14:37:02 retry 1/2 for https://rsshub.chensoul.cc/xiaoyuzhou/podcast/68981df29e7bcd326eb91d88 after 1s
2026/03/14 14:37:11 retry 2/2 for https://rsshub.chensoul.cc/xiaoyuzhou/podcast/62382c1103bea1ebfffa1c00 after 2s
2026/03/14 14:37:13 done: 58 sources ok, 0 failed, 400 items -> /home/runner/work/chensoul.github.io/chensoul.github.io/public/data/feeds.json (in 37.02s)
2026/03/14 16:26:12 retry 1/2 for https://rsshub.chensoul.cc/youtube/user/%40ColeMedin after 1s
2026/03/14 16:26:12 retry 1/2 for https://rsshub.chensoul.cc/youtube/user/@daveebbelaar after 1s
2026/03/14 16:26:13 retry 1/2 for https://rsshub.chensoul.cc/xiaoyuzhou/podcast/62382c1103bea1ebfffa1c00 after 1s
2026/03/14 16:26:13 retry 1/2 for https://rsshub.chensoul.cc/xiaoyuzhou/podcast/62694abdb221dd5908417d1e after 1s
2026/03/14 16:26:13 retry 1/2 for https://rsshub.chensoul.cc/xiaoyuzhou/podcast/6388760f22567e8ea6ad070f after 1s
2026/03/14 16:26:15 retry 1/2 for https://rsshub.chensoul.cc/xiaoyuzhou/podcast/68981df29e7bcd326eb91d88 after 1s
2026/03/14 16:26:23 retry 2/2 for https://rsshub.chensoul.cc/youtube/user/%40ColeMedin after 2s
2026/03/14 16:26:23 retry 2/2 for https://rsshub.chensoul.cc/youtube/user/@daveebbelaar after 2s
2026/03/14 16:26:26 retry 2/2 for https://rsshub.chensoul.cc/xiaoyuzhou/podcast/68981df29e7bcd326eb91d88 after 2s
2026/03/14 16:26:28 done: 58 sources ok, 0 failed, 400 items -> /home/runner/work/chensoul.github.io/chensoul.github.io/public/data/feeds.json (in 38.582s)
2026/03/14 18:20:54 retry 1/2 for https://rsshub.chensoul.cc/bilibili/user/video/37648256 after 1s
2026/03/14 18:21:06 retry 1/2 for https://rsshub.chensoul.cc/youtube/user/@daveebbelaar after 1s
2026/03/14 18:21:07 retry 1/2 for https://rsshub.chensoul.cc/xiaoyuzhou/podcast/62382c1103bea1ebfffa1c00 after 1s
2026/03/14 18:21:07 retry 1/2 for https://rsshub.chensoul.cc/xiaoyuzhou/podcast/62694abdb221dd5908417d1e after 1s
2026/03/14 18:21:08 retry 1/2 for https://rsshub.chensoul.cc/xiaoyuzhou/podcast/6388760f22567e8ea6ad070f after 1s
2026/03/14 18:21:10 retry 1/2 for https://rsshub.chensoul.cc/xiaoyuzhou/podcast/68981df29e7bcd326eb91d88 after 1s
2026/03/14 18:21:17 done: 58 sources ok, 0 failed, 400 items -> /home/runner/work/chensoul.github.io/chensoul.github.io/public/data/feeds.json (in 32.896s)
2026/03/14 20:33:04 retry 1/2 for https://rsshub.chensoul.cc/xiaoyuzhou/podcast/6013f9f58e2f7ee375cf4216 after 1s
2026/03/14 20:33:05 retry 1/2 for https://rsshub.chensoul.cc/xiaoyuzhou/podcast/62694abdb221dd5908417d1e after 1s
2026/03/14 20:33:05 retry 1/2 for https://rsshub.chensoul.cc/xiaoyuzhou/podcast/6388760f22567e8ea6ad070f after 1s
2026/03/14 20:33:06 retry 1/2 for https://rsshub.chensoul.cc/xiaoyuzhou/podcast/68981df29e7bcd326eb91d88 after 1s
2026/03/14 20:33:16 retry 2/2 for https://rsshub.chensoul.cc/xiaoyuzhou/podcast/6388760f22567e8ea6ad070f after 2s
2026/03/14 20:33:19 done: 58 sources ok, 0 failed, 400 items -> /home/runner/work/chensoul.github.io/chensoul.github.io/public/data/feeds.json (in 36.359s)
2026/03/14 22:21:36 retry 1/2 for https://rsshub.chensoul.cc/xiaoyuzhou/podcast/611719d3cb0b82e1df0ad29e after 1s
2026/03/14 22:21:37 retry 1/2 for https://rsshub.chensoul.cc/xiaoyuzhou/podcast/62694abdb221dd5908417d1e after 1s
2026/03/14 22:21:37 retry 1/2 for https://rsshub.chensoul.cc/xiaoyuzhou/podcast/6388760f22567e8ea6ad070f after 1s
2026/03/14 22:21:38 retry 1/2 for https://rsshub.chensoul.cc/xiaoyuzhou/podcast/68981df29e7bcd326eb91d88 after 1s
2026/03/14 22:21:48 retry 2/2 for https://rsshub.chensoul.cc/xiaoyuzhou/podcast/6388760f22567e8ea6ad070f after 2s
2026/03/14 22:21:49 retry 2/2 for https://rsshub.chensoul.cc/xiaoyuzhou/podcast/68981df29e7bcd326eb91d88 after 2s
2026/03/14 22:21:51 done: 58 sources ok, 0 failed, 400 items -> /home/runner/work/chensoul.github.io/chensoul.github.io/public/data/feeds.json (in 38.182s)
